app/api/inventory/reports/route.ts(175,60): error TS2339: Property 'cost_price' does not exist on type '{ id: any; name: any; unit: any; cost_price: any; unit_price: any; category: any; user_id: any; }[]'.
app/api/inventory/reports/route.ts(176,62): error TS2339: Property 'unit_price' does not exist on type '{ id: any; name: any; unit: any; cost_price: any; unit_price: any; category: any; user_id: any; }[]'.
app/api/inventory/reports/route.ts(177,39): error TS2339: Property 'unit_price' does not exist on type '{ id: any; name: any; unit: any; cost_price: any; unit_price: any; category: any; user_id: any; }[]'.
app/api/inventory/reports/route.ts(177,73): error TS2339: Property 'cost_price' does not exist on type '{ id: any; name: any; unit: any; cost_price: any; unit_price: any; category: any; user_id: any; }[]'.
app/api/inventory/stock/route.ts(83,39): error TS2339: Property 'cost_price' does not exist on type '{ id: any; name: any; unit: any; unit_price: any; cost_price: any; current_stock: any; reorder_point: any; max_stock: any; category: any; barcode: any; is_trackable: any; user_id: any; }[]'.
app/api/inventory/stock/route.ts(83,67): error TS2339: Property 'unit_price' does not exist on type '{ id: any; name: any; unit: any; unit_price: any; cost_price: any; current_stock: any; reorder_point: any; max_stock: any; category: any; barcode: any; is_trackable: any; user_id: any; }[]'.
app/api/inventory/stock/route.ts(84,42): error TS2339: Property 'reorder_point' does not exist on type '{ id: any; name: any; unit: any; unit_price: any; cost_price: any; current_stock: any; reorder_point: any; max_stock: any; category: any; barcode: any; is_trackable: any; user_id: any; }[]'.
app/client-layout.tsx(45,14): error TS2345: Argument of type '"check_user_subscription_access"' is not assignable to parameter of type '"get_employee_metrics"'.
app/delivery-notes/new/page.tsx(64,50): error TS2345: Argument of type '"get_next_delivery_number"' is not assignable to parameter of type '"get_employee_metrics"'.
app/delivery-notes/new/page.tsx(66,25): error TS2345: Argument of type '{ ventas_total: number; facturas_cantidad: number; clientes_nuevos: number; }' is not assignable to parameter of type 'SetStateAction<string>'.
app/dgii-reports/page.tsx(596,9): error TS2322: Type '({ id: any; invoice_number: any; created_at: any; total: any; subtotal: any; tax_amount: any; ncf: any; user_id: any; payment_method: any; monto_bienes: any; monto_servicios: any; monto_exento: any; tipo_comprobante: any; indicador_anulacion: any; clients: SelectQueryError<...>; } | { ...; })[]' is not assignable to type 'Invoice[]'.
  Type '{ id: any; invoice_number: any; created_at: any; total: any; subtotal: any; tax_amount: any; ncf: any; user_id: any; payment_method: any; monto_bienes: any; monto_servicios: any; monto_exento: any; tipo_comprobante: any; indicador_anulacion: any; clients: SelectQueryError<...>; } | { ...; }' is not assignable to type 'Invoice'.
    Type '{ id: any; invoice_number: any; created_at: any; total: any; subtotal: any; tax_amount: any; ncf: any; user_id: any; payment_method: any; monto_bienes: any; monto_servicios: any; monto_exento: any; tipo_comprobante: any; indicador_anulacion: any; clients: SelectQueryError<...>; }' is not assignable to type 'Invoice'.
      Types of property 'clients' are incompatible.
        Type 'SelectQueryError<"could not find the relation between invoices and clients">' is not assignable to type '{ id: string; name: string; email: string; phone: string; rnc: string; id_number: string; tipo_id: string; address?: string | undefined; } | undefined'.
app/dgii-reports/page.tsx(721,44): error TS2769: No overload matches this call.
  Overload 1 of 3, '(callbackfn: (previousValue: { id: any; invoice_number: any; created_at: any; total: any; subtotal: any; tax_amount: any; ncf: any; user_id: any; payment_method: any; monto_bienes: any; monto_servicios: any; monto_exento: any; tipo_comprobante: any; indicador_anulacion: any; clients: SelectQueryError<...>; }, currentValue: { ...; }, currentIndex: number, array: { ...; }[]) => { ...; }, initialValue: { ...; }): { ...; }', gave the following error.
    Argument of type '(sum: number, inv: Invoice) => number' is not assignable to parameter of type '(previousValue: { id: any; invoice_number: any; created_at: any; total: any; subtotal: any; tax_amount: any; ncf: any; user_id: any; payment_method: any; monto_bienes: any; monto_servicios: any; monto_exento: any; tipo_comprobante: any; indicador_anulacion: any; clients: SelectQueryError<...>; }, currentValue: { ......'.
      Types of parameters 'sum' and 'previousValue' are incompatible.
        Type '{ id: any; invoice_number: any; created_at: any; total: any; subtotal: any; tax_amount: any; ncf: any; user_id: any; payment_method: any; monto_bienes: any; monto_servicios: any; monto_exento: any; tipo_comprobante: any; indicador_anulacion: any; clients: SelectQueryError<...>; }' is not assignable to type 'number'.
  Overload 2 of 3, '(callbackfn: (previousValue: number, currentValue: { id: any; invoice_number: any; created_at: any; total: any; subtotal: any; tax_amount: any; ncf: any; user_id: any; payment_method: any; monto_bienes: any; monto_servicios: any; monto_exento: any; tipo_comprobante: any; indicador_anulacion: any; clients: SelectQueryError<...>; }, currentIndex: number, array: { ...; }[]) => number, initialValue: number): number', gave the following error.
    Argument of type '(sum: number, inv: Invoice) => number' is not assignable to parameter of type '(previousValue: number, currentValue: { id: any; invoice_number: any; created_at: any; total: any; subtotal: any; tax_amount: any; ncf: any; user_id: any; payment_method: any; monto_bienes: any; monto_servicios: any; monto_exento: any; tipo_comprobante: any; indicador_anulacion: any; clients: SelectQueryError<...>; ...'.
      Types of parameters 'inv' and 'currentValue' are incompatible.
        Type '{ id: any; invoice_number: any; created_at: any; total: any; subtotal: any; tax_amount: any; ncf: any; user_id: any; payment_method: any; monto_bienes: any; monto_servicios: any; monto_exento: any; tipo_comprobante: any; indicador_anulacion: any; clients: SelectQueryError<...>; }' is not assignable to type 'Invoice'.
          Types of property 'clients' are incompatible.
            Type 'SelectQueryError<"could not find the relation between invoices and clients">' is not assignable to type '{ id: string; name: string; email: string; phone: string; rnc: string; id_number: string; tipo_id: string; address?: string | undefined; } | undefined'.
app/dgii-reports/page.tsx(731,44): error TS2769: No overload matches this call.
  Overload 1 of 3, '(callbackfn: (previousValue: { id: any; invoice_number: any; created_at: any; total: any; subtotal: any; tax_amount: any; ncf: any; user_id: any; payment_method: any; monto_bienes: any; monto_servicios: any; monto_exento: any; tipo_comprobante: any; indicador_anulacion: any; clients: SelectQueryError<...>; }, currentValue: { ...; }, currentIndex: number, array: { ...; }[]) => { ...; }, initialValue: { ...; }): { ...; }', gave the following error.
    Argument of type '(sum: number, inv: Invoice) => number' is not assignable to parameter of type '(previousValue: { id: any; invoice_number: any; created_at: any; total: any; subtotal: any; tax_amount: any; ncf: any; user_id: any; payment_method: any; monto_bienes: any; monto_servicios: any; monto_exento: any; tipo_comprobante: any; indicador_anulacion: any; clients: SelectQueryError<...>; }, currentValue: { ......'.
      Types of parameters 'sum' and 'previousValue' are incompatible.
        Type '{ id: any; invoice_number: any; created_at: any; total: any; subtotal: any; tax_amount: any; ncf: any; user_id: any; payment_method: any; monto_bienes: any; monto_servicios: any; monto_exento: any; tipo_comprobante: any; indicador_anulacion: any; clients: SelectQueryError<...>; }' is not assignable to type 'number'.
  Overload 2 of 3, '(callbackfn: (previousValue: number, currentValue: { id: any; invoice_number: any; created_at: any; total: any; subtotal: any; tax_amount: any; ncf: any; user_id: any; payment_method: any; monto_bienes: any; monto_servicios: any; monto_exento: any; tipo_comprobante: any; indicador_anulacion: any; clients: SelectQueryError<...>; }, currentIndex: number, array: { ...; }[]) => number, initialValue: number): number', gave the following error.
    Argument of type '(sum: number, inv: Invoice) => number' is not assignable to parameter of type '(previousValue: number, currentValue: { id: any; invoice_number: any; created_at: any; total: any; subtotal: any; tax_amount: any; ncf: any; user_id: any; payment_method: any; monto_bienes: any; monto_servicios: any; monto_exento: any; tipo_comprobante: any; indicador_anulacion: any; clients: SelectQueryError<...>; ...'.
      Types of parameters 'inv' and 'currentValue' are incompatible.
        Type '{ id: any; invoice_number: any; created_at: any; total: any; subtotal: any; tax_amount: any; ncf: any; user_id: any; payment_method: any; monto_bienes: any; monto_servicios: any; monto_exento: any; tipo_comprobante: any; indicador_anulacion: any; clients: SelectQueryError<...>; }' is not assignable to type 'Invoice'.
          Types of property 'clients' are incompatible.
            Type 'SelectQueryError<"could not find the relation between invoices and clients">' is not assignable to type '{ id: string; name: string; email: string; phone: string; rnc: string; id_number: string; tipo_id: string; address?: string | undefined; } | undefined'.
app/dgii-reports/page.tsx(740,9): error TS2322: Type '{ id: any; invoice_number: any; created_at: any; total: any; subtotal: any; tax_amount: any; ncf: any; user_id: any; payment_method: any; monto_bienes: any; monto_servicios: any; monto_exento: any; tipo_comprobante: any; indicador_anulacion: any; clients: SelectQueryError<...>; }[]' is not assignable to type 'Invoice[]'.
  Type '{ id: any; invoice_number: any; created_at: any; total: any; subtotal: any; tax_amount: any; ncf: any; user_id: any; payment_method: any; monto_bienes: any; monto_servicios: any; monto_exento: any; tipo_comprobante: any; indicador_anulacion: any; clients: SelectQueryError<...>; }' is not assignable to type 'Invoice'.
    Types of property 'clients' are incompatible.
      Type 'SelectQueryError<"could not find the relation between invoices and clients">' is not assignable to type '{ id: string; name: string; email: string; phone: string; rnc: string; id_number: string; tipo_id: string; address?: string | undefined; } | undefined'.
app/dgii-reports/page.tsx(742,9): error TS2322: Type '{ id: any; invoice_number: any; created_at: any; total: any; subtotal: any; tax_amount: any; ncf: any; user_id: any; payment_method: any; monto_bienes: any; monto_servicios: any; monto_exento: any; tipo_comprobante: any; indicador_anulacion: any; clients: SelectQueryError<...>; }' is not assignable to type 'number'.
app/dgii-reports/page.tsx(744,9): error TS2322: Type '{ id: any; invoice_number: any; created_at: any; total: any; subtotal: any; tax_amount: any; ncf: any; user_id: any; payment_method: any; monto_bienes: any; monto_servicios: any; monto_exento: any; tipo_comprobante: any; indicador_anulacion: any; clients: SelectQueryError<...>; }' is not assignable to type 'number'.
app/dgii-reports/page.tsx(2444,60): error TS2769: No overload matches this call.
  Overload 1 of 4, '(value: string | number | Date): Date', gave the following error.
    Argument of type 'string | undefined' is not assignable to parameter of type 'string | number | Date'.
      Type 'undefined' is not assignable to type 'string | number | Date'.
  Overload 2 of 4, '(value: string | number): Date', gave the following error.
    Argument of type 'string | undefined' is not assignable to parameter of type 'string | number'.
      Type 'undefined' is not assignable to type 'string | number'.
app/dgii-reports/page.tsx(2453,60): error TS2769: No overload matches this call.
  Overload 1 of 4, '(value: string | number | Date): Date', gave the following error.
    Argument of type 'string | undefined' is not assignable to parameter of type 'string | number | Date'.
      Type 'undefined' is not assignable to type 'string | number | Date'.
  Overload 2 of 4, '(value: string | number): Date', gave the following error.
    Argument of type 'string | undefined' is not assignable to parameter of type 'string | number'.
      Type 'undefined' is not assignable to type 'string | number'.
app/dgii-reports/page.tsx(2465,59): error TS2769: No overload matches this call.
  Overload 1 of 4, '(value: string | number | Date): Date', gave the following error.
    Argument of type 'string | undefined' is not assignable to parameter of type 'string | number | Date'.
      Type 'undefined' is not assignable to type 'string | number | Date'.
  Overload 2 of 4, '(value: string | number): Date', gave the following error.
    Argument of type 'string | undefined' is not assignable to parameter of type 'string | number'.
      Type 'undefined' is not assignable to type 'string | number'.
app/dgii-reports/page.tsx(2510,60): error TS2769: No overload matches this call.
  Overload 1 of 4, '(value: string | number | Date): Date', gave the following error.
    Argument of type 'string | undefined' is not assignable to parameter of type 'string | number | Date'.
      Type 'undefined' is not assignable to type 'string | number | Date'.
  Overload 2 of 4, '(value: string | number): Date', gave the following error.
    Argument of type 'string | undefined' is not assignable to parameter of type 'string | number'.
      Type 'undefined' is not assignable to type 'string | number'.
app/dgii-reports/page.tsx(2519,60): error TS2769: No overload matches this call.
  Overload 1 of 4, '(value: string | number | Date): Date', gave the following error.
    Argument of type 'string | undefined' is not assignable to parameter of type 'string | number | Date'.
      Type 'undefined' is not assignable to type 'string | number | Date'.
  Overload 2 of 4, '(value: string | number): Date', gave the following error.
    Argument of type 'string | undefined' is not assignable to parameter of type 'string | number'.
      Type 'undefined' is not assignable to type 'string | number'.
app/dgii-reports/page.tsx(2531,59): error TS2769: No overload matches this call.
  Overload 1 of 4, '(value: string | number | Date): Date', gave the following error.
    Argument of type 'string | undefined' is not assignable to parameter of type 'string | number | Date'.
      Type 'undefined' is not assignable to type 'string | number | Date'.
  Overload 2 of 4, '(value: string | number): Date', gave the following error.
    Argument of type 'string | undefined' is not assignable to parameter of type 'string | number'.
      Type 'undefined' is not assignable to type 'string | number'.
app/dgii-reports/page.tsx(2572,51): error TS2769: No overload matches this call.
  Overload 1 of 4, '(value: string | number | Date): Date', gave the following error.
    Argument of type 'string | undefined' is not assignable to parameter of type 'string | number | Date'.
      Type 'undefined' is not assignable to type 'string | number | Date'.
  Overload 2 of 4, '(value: string | number): Date', gave the following error.
    Argument of type 'string | undefined' is not assignable to parameter of type 'string | number'.
      Type 'undefined' is not assignable to type 'string | number'.
app/dgii-reports/page.tsx(2581,51): error TS2769: No overload matches this call.
  Overload 1 of 4, '(value: string | number | Date): Date', gave the following error.
    Argument of type 'string | undefined' is not assignable to parameter of type 'string | number | Date'.
      Type 'undefined' is not assignable to type 'string | number | Date'.
  Overload 2 of 4, '(value: string | number): Date', gave the following error.
    Argument of type 'string | undefined' is not assignable to parameter of type 'string | number'.
      Type 'undefined' is not assignable to type 'string | number'.
app/dgii-reports/page.tsx(2590,51): error TS2769: No overload matches this call.
  Overload 1 of 4, '(value: string | number | Date): Date', gave the following error.
    Argument of type 'string | undefined' is not assignable to parameter of type 'string | number | Date'.
      Type 'undefined' is not assignable to type 'string | number | Date'.
  Overload 2 of 4, '(value: string | number): Date', gave the following error.
    Argument of type 'string | undefined' is not assignable to parameter of type 'string | number'.
      Type 'undefined' is not assignable to type 'string | number'.
app/dgii-reports/page.tsx(2593,53): error TS2769: No overload matches this call.
  Overload 1 of 4, '(value: string | number | Date): Date', gave the following error.
    Argument of type 'string | undefined' is not assignable to parameter of type 'string | number | Date'.
      Type 'undefined' is not assignable to type 'string | number | Date'.
  Overload 2 of 4, '(value: string | number): Date', gave the following error.
    Argument of type 'string | undefined' is not assignable to parameter of type 'string | number'.
      Type 'undefined' is not assignable to type 'string | number'.
app/dgii-reports/page.tsx(2602,51): error TS2769: No overload matches this call.
  Overload 1 of 4, '(value: string | number | Date): Date', gave the following error.
    Argument of type 'string | undefined' is not assignable to parameter of type 'string | number | Date'.
      Type 'undefined' is not assignable to type 'string | number | Date'.
  Overload 2 of 4, '(value: string | number): Date', gave the following error.
    Argument of type 'string | undefined' is not assignable to parameter of type 'string | number'.
      Type 'undefined' is not assignable to type 'string | number'.
app/dgii-reports/page.tsx(2605,53): error TS2769: No overload matches this call.
  Overload 1 of 4, '(value: string | number | Date): Date', gave the following error.
    Argument of type 'string | undefined' is not assignable to parameter of type 'string | number | Date'.
      Type 'undefined' is not assignable to type 'string | number | Date'.
  Overload 2 of 4, '(value: string | number): Date', gave the following error.
    Argument of type 'string | undefined' is not assignable to parameter of type 'string | number'.
      Type 'undefined' is not assignable to type 'string | number'.
app/inventory/page.tsx(93,5): error TS2322: Type 'Timeout' is not assignable to type 'number'.
app/invoices/[id]/edit/page.tsx(367,13): error TS2304: Cannot find name 'toast'.
app/invoices/[id]/edit/page.tsx(379,13): error TS2304: Cannot find name 'toast'.
app/invoices/[id]/edit/page.tsx(394,13): error TS2304: Cannot find name 'toast'.
app/invoices/[id]/edit/page.tsx(403,13): error TS2304: Cannot find name 'toast'.
app/invoices/new/page.tsx(110,50): error TS2345: Argument of type '"get_next_invoice_number"' is not assignable to parameter of type '"get_employee_metrics"'.
app/invoices/new/page.tsx(114,24): error TS2345: Argument of type '{ ventas_total: number; facturas_cantidad: number; clientes_nuevos: number; }' is not assignable to parameter of type 'SetStateAction<string>'.
app/invoices/new/page.tsx(931,41): error TS2367: This comparison appears to be unintentional because the types '"service"' and '"product"' have no overlap.
app/payment-receipts/page.tsx(537,11): error TS7034: Variable 'invoiceItems' implicitly has type 'any[]' in some locations where its type cannot be determined.
app/payment-receipts/page.tsx(557,26): error TS7005: Variable 'invoiceItems' implicitly has an 'any[]' type.
app/payment-receipts/page.tsx(738,11): error TS2322: Type '{ id: any; quantity: any; unit_price: any; subtotal: any; product_id: any; service_id: any; products: SelectQueryError<"could not find the relation between invoice_items and products">; services: SelectQueryError<...>; }[]' is not assignable to type '{ id: string; quantity: number; unit_price: number; total: number; products?: { id: string; name: string; description?: string | null | undefined; } | null | undefined; services?: { id: string; name: string; description?: string | ... 1 more ... | undefined; } | null | undefined; }[]'.
  Property 'total' is missing in type '{ id: any; quantity: any; unit_price: any; subtotal: any; product_id: any; service_id: any; products: SelectQueryError<"could not find the relation between invoice_items and products">; services: SelectQueryError<...>; }' but required in type '{ id: string; quantity: number; unit_price: number; total: number; products?: { id: string; name: string; description?: string | null | undefined; } | null | undefined; services?: { id: string; name: string; description?: string | ... 1 more ... | undefined; } | null | undefined; }'.
app/products/page.tsx(67,5): error TS2322: Type 'Timeout' is not assignable to type 'number'.
app/products/page.tsx(141,21): error TS2345: Argument of type 'unknown[]' is not assignable to parameter of type 'SetStateAction<Product[]>'.
  Type 'unknown[]' is not assignable to type 'Product[]'.
    Type 'unknown' is not assignable to type 'Product'.
app/products/page.tsx(492,36): error TS2339: Property 'current_stock' does not exist on type 'Product'.
app/products/page.tsx(492,75): error TS2339: Property 'current_stock' does not exist on type 'Product'.
app/products/page.tsx(501,55): error TS2339: Property 'current_stock' does not exist on type 'Product'.
app/services/page.tsx(70,5): error TS2322: Type 'Timeout' is not assignable to type 'number'.
app/services/page.tsx(303,12): error TS2304: Cannot find name 'AlertCircle'.
app/subscriptions/my-subscription/page.tsx(162,23): error TS2345: Argument of type '{ id: any; status: any; start_date: any; end_date: any; current_max_users: any; current_max_invoices: any; current_max_products: any; current_max_clients: any; notes: any; subscription_plans: SelectQueryError<...>; }' is not assignable to parameter of type 'SetStateAction<Subscription | null>'.
  Type '{ id: any; status: any; start_date: any; end_date: any; current_max_users: any; current_max_invoices: any; current_max_products: any; current_max_clients: any; notes: any; subscription_plans: SelectQueryError<...>; }' is missing the following properties from type 'Subscription': billing_cycle, plan_id
app/subscriptions/my-subscription/page.tsx(1170,86): error TS18048: 'subscription.subscription_plans.price_monthly' is possibly 'undefined'.
app/subscriptions/page.tsx(185,75): error TS2345: Argument of type '"is_subscription_manager"' is not assignable to parameter of type '"get_employee_metrics"'.
app/subscriptions/page.tsx(189,81): error TS2345: Argument of type '"is_super_admin"' is not assignable to parameter of type '"get_employee_metrics"'.
app/subscriptions/page.tsx(430,50): error TS2345: Argument of type '"create_manual_subscription"' is not assignable to parameter of type '"get_employee_metrics"'.
app/subscriptions/page.tsx(489,77): error TS2345: Argument of type '"create_manual_subscription"' is not assignable to parameter of type '"get_employee_metrics"'.
app/subscriptions/page.tsx(514,52): error TS2345: Argument of type '"update_subscription_status"' is not assignable to parameter of type '"get_employee_metrics"'.
app/subscriptions/page.tsx(769,50): error TS2345: Argument of type '"process_payment_notification"' is not assignable to parameter of type '"get_employee_metrics"'.
app/subscriptions/page.tsx(810,54): error TS2345: Argument of type '"create_manual_subscription"' is not assignable to parameter of type '"get_employee_metrics"'.
components/auth/auth-form.tsx(46,27): error TS2345: Argument of type 'Timeout' is not assignable to parameter of type 'SetStateAction<number | null>'.
components/auth/modern-auth-form.tsx(246,64): error TS2339: Property 'name' does not exist on type 'SelectQueryError<"could not find the relation between user_profiles and user_roles">'.
components/auth/modern-auth-form.tsx(247,57): error TS2339: Property 'name' does not exist on type 'SelectQueryError<"could not find the relation between user_profiles and user_roles">'.
components/auth/session-indicator.tsx(21,11): error TS2339: Property 'extendSession' does not exist on type '{ resetTimer: () => void; logout: () => Promise<void>; }'.
components/auth/session-indicator.tsx(21,45): error TS2353: Object literal may only specify known properties, and 'enabled' does not exist in type 'UseAutoLogoutOptions'.
components/dashboard/company-profile-widget.tsx(70,20): error TS2345: Argument of type '{ company_name: any; company_email: any; company_phone: any; company_address: any; company_logo: any; tax_id: any; business_type: any; foundation_year: any; employee_count: any; }' is not assignable to parameter of type 'SetStateAction<CompanyData | null>'.
  Type '{ company_name: any; company_email: any; company_phone: any; company_address: any; company_logo: any; tax_id: any; business_type: any; foundation_year: any; employee_count: any; }' is missing the following properties from type 'CompanyData': company_website, currency_symbol
components/debug/permissions-debugger.tsx(39,12): error TS2345: Argument of type '"get_user_permissions_simple"' is not assignable to parameter of type '"get_employee_metrics"'.
components/debug/permissions-debugger.tsx(131,54): error TS2322: Type '{}' is not assignable to type 'ReactNode'.
components/forms/service-form.tsx(172,13): error TS2322: Type 'string | null' is not assignable to type 'string'.
  Type 'null' is not assignable to type 'string'.
components/inventory/warehouse-transfer.tsx(119,28): error TS2345: Argument of type '{ id: any; current_stock: any; product: SelectQueryError<"could not find the relation between product_warehouse_stock and products">; warehouse: SelectQueryError<"could not find the relation between product_warehouse_stock and warehouses">; }[]' is not assignable to parameter of type 'SetStateAction<WarehouseStock[]>'.
  Type '{ id: any; current_stock: any; product: SelectQueryError<"could not find the relation between product_warehouse_stock and products">; warehouse: SelectQueryError<"could not find the relation between product_warehouse_stock and warehouses">; }[]' is not assignable to type 'WarehouseStock[]'.
    Type '{ id: any; current_stock: any; product: SelectQueryError<"could not find the relation between product_warehouse_stock and products">; warehouse: SelectQueryError<"could not find the relation between product_warehouse_stock and warehouses">; }' is not assignable to type 'WarehouseStock'.
      Types of property 'product' are incompatible.
        Type '{ error: true; } & String' is missing the following properties from type 'Product': id, name, unit, current_stock
components/layout/sidebar.tsx(238,77): error TS2345: Argument of type '"is_subscription_manager"' is not assignable to parameter of type '"get_employee_metrics"'.
components/layout/sidebar.tsx(243,83): error TS2345: Argument of type '"is_super_admin"' is not assignable to parameter of type '"get_employee_metrics"'.
components/services/service-prices-manager.tsx(78,27): error TS2345: Argument of type '{ price_name: string; price: number; min_quantity: number; max_quantity: number | null; description: string | null; valid_from: string | null; valid_until: string | null; customer_type: string | null; customer_id: string | null; }' is not assignable to parameter of type 'Omit<ServicePrice, "id" | "created_at" | "updated_at" | "service_id">'.
  Property 'is_default' is missing in type '{ price_name: string; price: number; min_quantity: number; max_quantity: number | null; description: string | null; valid_from: string | null; valid_until: string | null; customer_type: string | null; customer_id: string | null; }' but required in type 'Omit<ServicePrice, "id" | "created_at" | "updated_at" | "service_id">'.
components/services/service-prices-manager.tsx(141,24): error TS2769: No overload matches this call.
  Overload 1 of 4, '(value: string | number | Date): Date', gave the following error.
    Argument of type 'string | null' is not assignable to parameter of type 'string | number | Date'.
      Type 'null' is not assignable to type 'string | number | Date'.
  Overload 2 of 4, '(value: string | number): Date', gave the following error.
    Argument of type 'string | null' is not assignable to parameter of type 'string | number'.
      Type 'null' is not assignable to type 'string | number'.
components/services/service-prices-manager.tsx(141,70): error TS2769: No overload matches this call.
  Overload 1 of 4, '(value: string | number | Date): Date', gave the following error.
    Argument of type 'string | null' is not assignable to parameter of type 'string | number | Date'.
      Type 'null' is not assignable to type 'string | number | Date'.
  Overload 2 of 4, '(value: string | number): Date', gave the following error.
    Argument of type 'string | null' is not assignable to parameter of type 'string | number'.
      Type 'null' is not assignable to type 'string | number'.
components/ui/animated-components.tsx(56,6): error TS2322: Type '{ children: (ReactNode | Element)[]; disabled?: boolean | undefined; form?: string | undefined; formAction?: string | ((formData: FormData) => void | Promise<...>) | undefined; ... 282 more ...; className: string; } | ... 4 more ... | { ...; }' is not assignable to type 'IntrinsicAttributes & Omit<HTMLMotionProps<"button">, "ref"> & RefAttributes<HTMLButtonElement>'.
  Type '{ children: (ReactNode | Element)[]; disabled?: boolean | undefined; form?: string | undefined; formAction?: string | ((formData: FormData) => void | Promise<...>) | undefined; ... 282 more ...; className: string; }' is not assignable to type 'Omit<HTMLMotionProps<"button">, "ref">'.
    Types of property 'onDrag' are incompatible.
      Type 'DragEventHandler<HTMLButtonElement> | undefined' is not assignable to type '((event: MouseEvent | PointerEvent | TouchEvent, info: PanInfo) => void) | undefined'.
        Type 'DragEventHandler<HTMLButtonElement>' is not assignable to type '(event: MouseEvent | PointerEvent | TouchEvent, info: PanInfo) => void'.
          Types of parameters 'event' and 'event' are incompatible.
            Type 'MouseEvent | PointerEvent | TouchEvent' is not assignable to type 'DragEvent<HTMLButtonElement>'.
              Type 'MouseEvent' is missing the following properties from type 'DragEvent<HTMLButtonElement>': dataTransfer, nativeEvent, isDefaultPrevented, isPropagationStopped, persist
components/ui/animated-components.tsx(153,6): error TS2322: Type '{ children: ReactNode; ref: MutableRefObject<null>; className: string; initial: string; animate: LegacyAnimationControls; variants: { ...; }; } | ... 4 more ... | { ...; }' is not assignable to type 'IntrinsicAttributes & Omit<HTMLMotionProps<"div">, "ref"> & RefAttributes<HTMLDivElement>'.
  Type '{ children: ReactNode; animate: { y: number[]; }; transition: { duration: number; repeat: number; ease: string; }; ref: MutableRefObject<null>; className: string; initial: string; variants: { ...; }; }' is not assignable to type 'Omit<HTMLMotionProps<"div">, "ref">'.
    Types of property 'transition' are incompatible.
      Type '{ duration: number; repeat: number; ease: string; }' is not assignable to type 'Transition<any> | undefined'.
        Type '{ duration: number; repeat: number; ease: string; }' is not assignable to type 'TransitionWithValueOverrides<any>'.
          Type '{ duration: number; repeat: number; ease: string; }' is not assignable to type 'ValueAnimationTransition<any>'.
            Types of property 'ease' are incompatible.
              Type 'string' is not assignable to type 'Easing | Easing[] | undefined'.
components/ui/category-selector.tsx(60,44): error TS2345: Argument of type '{ name: string; description: string; color: string; icon: string; type: "product" | "service" | "both"; }' is not assignable to parameter of type 'Omit<Category, "user_id" | "id" | "created_at" | "updated_at">'.
  Property 'is_active' is missing in type '{ name: string; description: string; color: string; icon: string; type: "product" | "service" | "both"; }' but required in type 'Omit<Category, "user_id" | "id" | "created_at" | "updated_at">'.
hooks/use-categories.ts(81,82): error TS2345: Argument of type 'string' is not assignable to parameter of type 'number'.
hooks/use-optimized-data.ts(40,37): error TS2345: Argument of type '"min_stock"' is not assignable to parameter of type '"get_employee_metrics"'.
hooks/use-services.ts(1,55): error TS2307: Cannot find module '@tanstack/react-query' or its corresponding type declarations.
hooks/use-services.ts(139,17): error TS7006: Parameter '_' implicitly has an 'any' type.
hooks/use-services.ts(139,20): error TS7006: Parameter 'variables' implicitly has an 'any' type.
hooks/use-subscription-limits.ts(79,14): error TS2345: Argument of type '"get_effective_subscription"' is not assignable to parameter of type '"get_employee_metrics"'.
hooks/use-subscription-limits.ts(98,40): error TS2339: Property 'length' does not exist on type '{ ventas_total: number; facturas_cantidad: number; clientes_nuevos: number; }'.
hooks/use-subscription-limits.ts(99,21): error TS7053: Element implicitly has an 'any' type because expression of type '0' can't be used to index type '{ ventas_total: number; facturas_cantidad: number; clientes_nuevos: number; }'.
  Property '0' does not exist on type '{ ventas_total: number; facturas_cantidad: number; clientes_nuevos: number; }'.
hooks/use-subscription-limits.ts(150,14): error TS2345: Argument of type '"get_subscription_usage"' is not assignable to parameter of type '"get_employee_metrics"'.
hooks/use-subscription-limits.ts(159,34): error TS2339: Property 'length' does not exist on type '{ ventas_total: number; facturas_cantidad: number; clientes_nuevos: number; }'.
hooks/use-subscription-limits.ts(160,23): error TS7053: Element implicitly has an 'any' type because expression of type '0' can't be used to index type '{ ventas_total: number; facturas_cantidad: number; clientes_nuevos: number; }'.
  Property '0' does not exist on type '{ ventas_total: number; facturas_cantidad: number; clientes_nuevos: number; }'.
hooks/use-user-permissions-db.ts(100,14): error TS2345: Argument of type '"get_user_permissions_simple"' is not assignable to parameter of type '"get_employee_metrics"'.
hooks/use-user-permissions-db.ts(122,28): error TS2339: Property 'isOwner' does not exist on type '{ ventas_total: number; facturas_cantidad: number; clientes_nuevos: number; }'.
hooks/use-user-permissions-db.ts(131,27): error TS2339: Property 'display_name' does not exist on type '{ ventas_total: number; facturas_cantidad: number; clientes_nuevos: number; }'.
hooks/use-user-permissions-db.ts(132,20): error TS2339: Property 'role' does not exist on type '{ ventas_total: number; facturas_cantidad: number; clientes_nuevos: number; }'.
hooks/use-user-permissions-db.ts(135,33): error TS2339: Property 'canCreateInvoices' does not exist on type '{ ventas_total: number; facturas_cantidad: number; clientes_nuevos: number; }'.
hooks/use-user-permissions-db.ts(136,31): error TS2339: Property 'canViewFinances' does not exist on type '{ ventas_total: number; facturas_cantidad: number; clientes_nuevos: number; }'.
hooks/use-user-permissions-db.ts(137,34): error TS2339: Property 'canManageInventory' does not exist on type '{ ventas_total: number; facturas_cantidad: number; clientes_nuevos: number; }'.
hooks/use-user-permissions-db.ts(138,32): error TS2339: Property 'canManageClients' does not exist on type '{ ventas_total: number; facturas_cantidad: number; clientes_nuevos: number; }'.
hooks/use-user-permissions-db.ts(139,34): error TS2339: Property 'canManageEmployees' does not exist on type '{ ventas_total: number; facturas_cantidad: number; clientes_nuevos: number; }'.
hooks/use-user-permissions-db.ts(140,32): error TS2339: Property 'maxInvoiceAmount' does not exist on type '{ ventas_total: number; facturas_cantidad: number; clientes_nuevos: number; }'.
hooks/use-user-permissions-simple.ts(558,11): error TS2741: Property 'isRealEmployee' is missing in type '{ canCreateInvoices: true; canViewFinances: false; canManageInventory: true; canManageClients: true; maxInvoiceAmount: number; role: string; isOwner: false; wasOriginallyOwner: true; canEditInvoices: false; ... 16 more ...; canDeleteExpenses: false; }' but required in type '{ canCreateInvoices: boolean; canViewFinances: boolean; canManageInventory: boolean; canManageClients: boolean; maxInvoiceAmount: number | null; role: string; isOwner: boolean; wasOriginallyOwner: boolean; ... 18 more ...; canDeleteExpenses: boolean; }'.
hooks/use-user-permissions.tsx(47,14): error TS2345: Argument of type '"get_user_profile"' is not assignable to parameter of type '"get_employee_metrics"'.
hooks/use-user-permissions.tsx(53,24): error TS2339: Property 'length' does not exist on type '{ ventas_total: number; facturas_cantidad: number; clientes_nuevos: number; }'.
hooks/use-user-permissions.tsx(54,20): error TS7053: Element implicitly has an 'any' type because expression of type '0' can't be used to index type '{ ventas_total: number; facturas_cantidad: number; clientes_nuevos: number; }'.
  Property '0' does not exist on type '{ ventas_total: number; facturas_cantidad: number; clientes_nuevos: number; }'.
lib/user-permissions.ts(93,20): error TS2339: Property 'user' does not exist on type 'User'.
lib/user-permissions.ts(94,19): error TS2339: Property 'user' does not exist on type 'User'.
lib/user-permissions.ts(103,22): error TS2339: Property 'user' does not exist on type 'User'.
lib/user-permissions.ts(118,29): error TS2339: Property 'user' does not exist on type 'User'.
lib/user-permissions.ts(137,29): error TS2339: Property 'user' does not exist on type 'User'.
